1587888679573:help
1587889020650:add-file-to-index '/home/bala/Bala/01_course-introduction.en.txt'
1587889076794:add-file-to-index '/home/bal~coursera-dl.con'
1587889111682:add-file-to-index '/home/bala/Bala/coursera-dl.conf'
1587889167891:add-file-to-index '/home/bala/Bala/text.txt\n'
1587889171570:add-file-to-index '/home/bala/Bala/text.txt'
1587889193987:search-content-in-files gcp
1587889222123:search-content-in-files compare
1587889366533:exit
1587889391886:add-file-to-index '/home/bala/Bala/coursera-dl.conf'M
1587889394150:add-file-to-index '/home/bala/Bala/coursera-dl.conf'
1587889447205:add-file-to-index '/home/bal01_course-introduction.en.txt'\n\n''
1587889469098:add-file-to-index '/home/bala/Bala/01_course-introduction.en.txt'
1587889534025:help
1587889548112:search-content-in-files password
1587889750556:exit
1587890917692:bala
1587891189364:exit
1587891217741:help[
1587891219331:help
1587891233797:add-file-to-index '/home/bala/Bala/coursera/GCP/Architecting with Google Kubernetes Engine/01 - foundations-google-kubernetes-engine-gke'
1587891286796:search-content-in-files 'interested in Kubernetes'
1587891342212:search-content-in-files 'my lab score in CourseraM'
1587891345283:search-content-in-files 'my lab score in Coursera'
1587891498787:exiot
1587891500180:exit
1587891535476:help
1587891549085:add-file-to-index '/home/bala/Bala/coursera/GCP/Architecting with Google Kubernetes Engine/01 - foundations-google-kubernetes-engine-gke/01_course-introduction'
1587891644164:exit
1587891665661:add-file-to-index '/home/bala/Bala/coursera/GCP/Architecting with Google Kubernetes Engine/01 - foundations-google-kubernetes-engine-gke/01_course-introduction'
1587891753787:exit
1587891838539:add-file-to-index '/home/bala/Bala/coursera/GCP/Architecting with Google Kubernetes Engine/01 - foundations-google-kubernetes-engine-gke/01_course-introduction'
1587891880729:help
1587891894619:search-content-in-files 'I can see the username'
1587891981547:exit
1587892014037:add-file-to-index '/home/bala/Bala/coursera/GCP/Architecting with Google Kubernetes Engine/01 - foundations-google-kubernetes-engine-gke'
1587892035459:help
1587892048802:search-content-in-files 'Good luck with the labs and enjoy the rest of this course.'
1587940056448:help
1587940073888:add-file-to-index '/home/bala/Bala'
1587940100144:help
1587940122680:search-content 'Search Content In Files'
1587940165225:search-content 'java'
1587940198737:exit
